{"C:\\Users\\alego\\Desktop\\ProjectTaskManagement\\backend\\app.js": {"path":"C:\\Users\\alego\\Desktop\\ProjectTaskManagement\\backend\\app.js","statementMap":{"0":{"start":{"line":1,"column":16},"end":{"line":1,"column":34}},"1":{"start":{"line":2,"column":13},"end":{"line":2,"column":28}},"2":{"start":{"line":3,"column":12},"end":{"line":3,"column":21}},"3":{"start":{"line":4,"column":0},"end":{"line":4,"column":27}},"4":{"start":{"line":5,"column":22},"end":{"line":5,"column":41}},"5":{"start":{"line":7,"column":19},"end":{"line":7,"column":49}},"6":{"start":{"line":8,"column":20},"end":{"line":8,"column":51}},"7":{"start":{"line":9,"column":21},"end":{"line":9,"column":53}},"8":{"start":{"line":11,"column":0},"end":{"line":11,"column":16}},"9":{"start":{"line":12,"column":0},"end":{"line":12,"column":24}},"10":{"start":{"line":14,"column":0},"end":{"line":14,"column":34}},"11":{"start":{"line":15,"column":0},"end":{"line":15,"column":36}},"12":{"start":{"line":16,"column":0},"end":{"line":16,"column":37}},"13":{"start":{"line":18,"column":0},"end":{"line":18,"column":70}},"14":{"start":{"line":18,"column":28},"end":{"line":18,"column":68}},"15":{"start":{"line":20,"column":13},"end":{"line":20,"column":37}},"16":{"start":{"line":22,"column":0},"end":{"line":33,"column":1}},"17":{"start":{"line":23,"column":2},"end":{"line":32,"column":5}},"18":{"start":{"line":24,"column":4},"end":{"line":31,"column":5}},"19":{"start":{"line":25,"column":6},"end":{"line":25,"column":37}},"20":{"start":{"line":26,"column":6},"end":{"line":26,"column":34}},"21":{"start":{"line":27,"column":6},"end":{"line":27,"column":29}},"22":{"start":{"line":28,"column":6},"end":{"line":28,"column":52}},"23":{"start":{"line":30,"column":6},"end":{"line":30,"column":63}},"24":{"start":{"line":35,"column":0},"end":{"line":35,"column":21}}},"fnMap":{"0":{"name":"(anonymous_0)","decl":{"start":{"line":18,"column":13},"end":{"line":18,"column":14}},"loc":{"start":{"line":18,"column":28},"end":{"line":18,"column":68}},"line":18},"1":{"name":"(anonymous_1)","decl":{"start":{"line":23,"column":19},"end":{"line":23,"column":20}},"loc":{"start":{"line":23,"column":31},"end":{"line":32,"column":3}},"line":23}},"branchMap":{"0":{"loc":{"start":{"line":20,"column":13},"end":{"line":20,"column":37}},"type":"binary-expr","locations":[{"start":{"line":20,"column":13},"end":{"line":20,"column":29}},{"start":{"line":20,"column":33},"end":{"line":20,"column":37}}],"line":20},"1":{"loc":{"start":{"line":22,"column":0},"end":{"line":33,"column":1}},"type":"if","locations":[{"start":{"line":22,"column":0},"end":{"line":33,"column":1}},{"start":{},"end":{}}],"line":22}},"s":{"0":7,"1":7,"2":7,"3":7,"4":7,"5":7,"6":7,"7":7,"8":7,"9":7,"10":7,"11":7,"12":7,"13":7,"14":0,"15":7,"16":7,"17":0,"18":0,"19":0,"20":0,"21":0,"22":0,"23":0,"24":7},"f":{"0":0,"1":0},"b":{"0":[7,0],"1":[0,7]},"_coverageSchema":"1a1c01bbd47fc00a2c39e90264f33305004495a9","hash":"c0ec3fdf2350d4b450fcf994d020321867382b83"}
,"C:\\Users\\alego\\Desktop\\ProjectTaskManagement\\backend\\config\\db.js": {"path":"C:\\Users\\alego\\Desktop\\ProjectTaskManagement\\backend\\config\\db.js","statementMap":{"0":{"start":{"line":1,"column":22},"end":{"line":1,"column":42}},"1":{"start":{"line":2,"column":0},"end":{"line":2,"column":27}},"2":{"start":{"line":4,"column":18},"end":{"line":13,"column":1}},"3":{"start":{"line":15,"column":0},"end":{"line":15,"column":27}}},"fnMap":{},"branchMap":{},"s":{"0":6,"1":6,"2":6,"3":6},"f":{},"b":{},"_coverageSchema":"1a1c01bbd47fc00a2c39e90264f33305004495a9","hash":"28cf4ae8e3be979f45ed253c97ff164d4c35d9e2"}
,"C:\\Users\\alego\\Desktop\\ProjectTaskManagement\\backend\\controllers\\boardController.js": {"path":"C:\\Users\\alego\\Desktop\\ProjectTaskManagement\\backend\\controllers\\boardController.js","statementMap":{"0":{"start":{"line":1,"column":29},"end":{"line":1,"column":49}},"1":{"start":{"line":3,"column":0},"end":{"line":19,"column":2}},"2":{"start":{"line":4,"column":12},"end":{"line":4,"column":41}},"3":{"start":{"line":5,"column":2},"end":{"line":18,"column":3}},"4":{"start":{"line":6,"column":34},"end":{"line":6,"column":42}},"5":{"start":{"line":7,"column":19},"end":{"line":7,"column":30}},"6":{"start":{"line":8,"column":4},"end":{"line":10,"column":5}},"7":{"start":{"line":9,"column":6},"end":{"line":9,"column":73}},"8":{"start":{"line":11,"column":18},"end":{"line":11,"column":87}},"9":{"start":{"line":12,"column":4},"end":{"line":12,"column":97}},"10":{"start":{"line":13,"column":4},"end":{"line":13,"column":21}},"11":{"start":{"line":14,"column":4},"end":{"line":14,"column":32}},"12":{"start":{"line":16,"column":4},"end":{"line":16,"column":23}},"13":{"start":{"line":17,"column":4},"end":{"line":17,"column":51}},"14":{"start":{"line":21,"column":0},"end":{"line":37,"column":2}},"15":{"start":{"line":22,"column":2},"end":{"line":36,"column":3}},"16":{"start":{"line":23,"column":19},"end":{"line":23,"column":30}},"17":{"start":{"line":24,"column":19},"end":{"line":32,"column":6}},"18":{"start":{"line":33,"column":4},"end":{"line":33,"column":21}},"19":{"start":{"line":35,"column":4},"end":{"line":35,"column":51}},"20":{"start":{"line":39,"column":0},"end":{"line":51,"column":2}},"21":{"start":{"line":40,"column":2},"end":{"line":50,"column":3}},"22":{"start":{"line":41,"column":19},"end":{"line":41,"column":29}},"23":{"start":{"line":42,"column":19},"end":{"line":42,"column":30}},"24":{"start":{"line":43,"column":18},"end":{"line":43,"column":64}},"25":{"start":{"line":44,"column":4},"end":{"line":46,"column":5}},"26":{"start":{"line":45,"column":6},"end":{"line":45,"column":66}},"27":{"start":{"line":47,"column":4},"end":{"line":47,"column":20}},"28":{"start":{"line":49,"column":4},"end":{"line":49,"column":51}},"29":{"start":{"line":53,"column":0},"end":{"line":67,"column":2}},"30":{"start":{"line":54,"column":2},"end":{"line":66,"column":3}},"31":{"start":{"line":55,"column":19},"end":{"line":55,"column":29}},"32":{"start":{"line":56,"column":34},"end":{"line":56,"column":42}},"33":{"start":{"line":57,"column":19},"end":{"line":57,"column":30}},"34":{"start":{"line":58,"column":18},"end":{"line":58,"column":64}},"35":{"start":{"line":59,"column":4},"end":{"line":61,"column":5}},"36":{"start":{"line":60,"column":6},"end":{"line":60,"column":66}},"37":{"start":{"line":62,"column":4},"end":{"line":62,"column":46}},"38":{"start":{"line":63,"column":4},"end":{"line":63,"column":20}},"39":{"start":{"line":65,"column":4},"end":{"line":65,"column":51}},"40":{"start":{"line":69,"column":0},"end":{"line":82,"column":2}},"41":{"start":{"line":70,"column":2},"end":{"line":81,"column":3}},"42":{"start":{"line":71,"column":19},"end":{"line":71,"column":29}},"43":{"start":{"line":72,"column":19},"end":{"line":72,"column":30}},"44":{"start":{"line":73,"column":18},"end":{"line":73,"column":64}},"45":{"start":{"line":74,"column":4},"end":{"line":76,"column":5}},"46":{"start":{"line":75,"column":6},"end":{"line":75,"column":66}},"47":{"start":{"line":77,"column":4},"end":{"line":77,"column":26}},"48":{"start":{"line":78,"column":4},"end":{"line":78,"column":26}},"49":{"start":{"line":80,"column":4},"end":{"line":80,"column":51}},"50":{"start":{"line":84,"column":0},"end":{"line":102,"column":2}},"51":{"start":{"line":85,"column":2},"end":{"line":101,"column":3}},"52":{"start":{"line":86,"column":19},"end":{"line":86,"column":30}},"53":{"start":{"line":87,"column":27},"end":{"line":87,"column":35}},"54":{"start":{"line":88,"column":4},"end":{"line":90,"column":5}},"55":{"start":{"line":89,"column":6},"end":{"line":89,"column":78}},"56":{"start":{"line":91,"column":19},"end":{"line":93,"column":6}},"57":{"start":{"line":94,"column":4},"end":{"line":96,"column":5}},"58":{"start":{"line":95,"column":6},"end":{"line":95,"column":68}},"59":{"start":{"line":97,"column":4},"end":{"line":97,"column":108}},"60":{"start":{"line":97,"column":50},"end":{"line":97,"column":105}},"61":{"start":{"line":98,"column":4},"end":{"line":98,"column":32}},"62":{"start":{"line":100,"column":4},"end":{"line":100,"column":51}}},"fnMap":{"0":{"name":"(anonymous_0)","decl":{"start":{"line":3,"column":22},"end":{"line":3,"column":23}},"loc":{"start":{"line":3,"column":42},"end":{"line":19,"column":1}},"line":3},"1":{"name":"(anonymous_1)","decl":{"start":{"line":21,"column":20},"end":{"line":21,"column":21}},"loc":{"start":{"line":21,"column":40},"end":{"line":37,"column":1}},"line":21},"2":{"name":"(anonymous_2)","decl":{"start":{"line":39,"column":23},"end":{"line":39,"column":24}},"loc":{"start":{"line":39,"column":43},"end":{"line":51,"column":1}},"line":39},"3":{"name":"(anonymous_3)","decl":{"start":{"line":53,"column":22},"end":{"line":53,"column":23}},"loc":{"start":{"line":53,"column":42},"end":{"line":67,"column":1}},"line":53},"4":{"name":"(anonymous_4)","decl":{"start":{"line":69,"column":22},"end":{"line":69,"column":23}},"loc":{"start":{"line":69,"column":42},"end":{"line":82,"column":1}},"line":69},"5":{"name":"(anonymous_5)","decl":{"start":{"line":84,"column":28},"end":{"line":84,"column":29}},"loc":{"start":{"line":84,"column":48},"end":{"line":102,"column":1}},"line":84},"6":{"name":"(anonymous_6)","decl":{"start":{"line":97,"column":37},"end":{"line":97,"column":38}},"loc":{"start":{"line":97,"column":50},"end":{"line":97,"column":105}},"line":97}},"branchMap":{"0":{"loc":{"start":{"line":8,"column":4},"end":{"line":10,"column":5}},"type":"if","locations":[{"start":{"line":8,"column":4},"end":{"line":10,"column":5}},{"start":{},"end":{}}],"line":8},"1":{"loc":{"start":{"line":44,"column":4},"end":{"line":46,"column":5}},"type":"if","locations":[{"start":{"line":44,"column":4},"end":{"line":46,"column":5}},{"start":{},"end":{}}],"line":44},"2":{"loc":{"start":{"line":59,"column":4},"end":{"line":61,"column":5}},"type":"if","locations":[{"start":{"line":59,"column":4},"end":{"line":61,"column":5}},{"start":{},"end":{}}],"line":59},"3":{"loc":{"start":{"line":74,"column":4},"end":{"line":76,"column":5}},"type":"if","locations":[{"start":{"line":74,"column":4},"end":{"line":76,"column":5}},{"start":{},"end":{}}],"line":74},"4":{"loc":{"start":{"line":88,"column":4},"end":{"line":90,"column":5}},"type":"if","locations":[{"start":{"line":88,"column":4},"end":{"line":90,"column":5}},{"start":{},"end":{}}],"line":88},"5":{"loc":{"start":{"line":94,"column":4},"end":{"line":96,"column":5}},"type":"if","locations":[{"start":{"line":94,"column":4},"end":{"line":96,"column":5}},{"start":{},"end":{}}],"line":94}},"s":{"0":7,"1":7,"2":2,"3":2,"4":2,"5":2,"6":2,"7":1,"8":1,"9":0,"10":0,"11":0,"12":1,"13":1,"14":7,"15":1,"16":1,"17":1,"18":0,"19":1,"20":7,"21":2,"22":2,"23":2,"24":2,"25":1,"26":1,"27":0,"28":1,"29":7,"30":2,"31":2,"32":2,"33":2,"34":2,"35":1,"36":1,"37":0,"38":0,"39":1,"40":7,"41":2,"42":2,"43":2,"44":2,"45":1,"46":1,"47":0,"48":0,"49":1,"50":7,"51":3,"52":3,"53":3,"54":3,"55":1,"56":2,"57":1,"58":1,"59":0,"60":0,"61":0,"62":1},"f":{"0":2,"1":1,"2":2,"3":2,"4":2,"5":3,"6":0},"b":{"0":[1,1],"1":[1,0],"2":[1,0],"3":[1,0],"4":[1,2],"5":[1,0]},"_coverageSchema":"1a1c01bbd47fc00a2c39e90264f33305004495a9","hash":"5e21a14caca56e7c3fc689440922c6250c5cd4a2"}
,"C:\\Users\\alego\\Desktop\\ProjectTaskManagement\\backend\\controllers\\googleController.js": {"path":"C:\\Users\\alego\\Desktop\\ProjectTaskManagement\\backend\\controllers\\googleController.js","statementMap":{"0":{"start":{"line":1,"column":25},"end":{"line":1,"column":55}},"1":{"start":{"line":2,"column":12},"end":{"line":2,"column":35}},"2":{"start":{"line":3,"column":17},"end":{"line":3,"column":37}},"3":{"start":{"line":4,"column":0},"end":{"line":4,"column":27}},"4":{"start":{"line":6,"column":15},"end":{"line":6,"column":61}},"5":{"start":{"line":8,"column":0},"end":{"line":30,"column":2}},"6":{"start":{"line":9,"column":25},"end":{"line":9,"column":33}},"7":{"start":{"line":10,"column":2},"end":{"line":10,"column":86}},"8":{"start":{"line":10,"column":19},"end":{"line":10,"column":86}},"9":{"start":{"line":11,"column":2},"end":{"line":29,"column":3}},"10":{"start":{"line":13,"column":19},"end":{"line":16,"column":6}},"11":{"start":{"line":17,"column":20},"end":{"line":17,"column":39}},"12":{"start":{"line":18,"column":33},"end":{"line":18,"column":40}},"13":{"start":{"line":19,"column":4},"end":{"line":19,"column":81}},"14":{"start":{"line":19,"column":16},"end":{"line":19,"column":81}},"15":{"start":{"line":21,"column":15},"end":{"line":21,"column":55}},"16":{"start":{"line":22,"column":4},"end":{"line":24,"column":5}},"17":{"start":{"line":23,"column":6},"end":{"line":23,"column":78}},"18":{"start":{"line":25,"column":18},"end":{"line":25,"column":122}},"19":{"start":{"line":26,"column":4},"end":{"line":26,"column":30}},"20":{"start":{"line":28,"column":4},"end":{"line":28,"column":80}}},"fnMap":{"0":{"name":"(anonymous_0)","decl":{"start":{"line":8,"column":22},"end":{"line":8,"column":23}},"loc":{"start":{"line":8,"column":42},"end":{"line":30,"column":1}},"line":8}},"branchMap":{"0":{"loc":{"start":{"line":10,"column":2},"end":{"line":10,"column":86}},"type":"if","locations":[{"start":{"line":10,"column":2},"end":{"line":10,"column":86}},{"start":{},"end":{}}],"line":10},"1":{"loc":{"start":{"line":19,"column":4},"end":{"line":19,"column":81}},"type":"if","locations":[{"start":{"line":19,"column":4},"end":{"line":19,"column":81}},{"start":{},"end":{}}],"line":19},"2":{"loc":{"start":{"line":22,"column":4},"end":{"line":24,"column":5}},"type":"if","locations":[{"start":{"line":22,"column":4},"end":{"line":24,"column":5}},{"start":{},"end":{}}],"line":22},"3":{"loc":{"start":{"line":23,"column":39},"end":{"line":23,"column":52}},"type":"binary-expr","locations":[{"start":{"line":23,"column":39},"end":{"line":23,"column":43}},{"start":{"line":23,"column":47},"end":{"line":23,"column":52}}],"line":23}},"s":{"0":7,"1":7,"2":7,"3":7,"4":7,"5":7,"6":3,"7":3,"8":1,"9":2,"10":2,"11":0,"12":0,"13":0,"14":0,"15":0,"16":0,"17":0,"18":0,"19":0,"20":2},"f":{"0":3},"b":{"0":[1,2],"1":[0,0],"2":[0,0],"3":[0,0]},"_coverageSchema":"1a1c01bbd47fc00a2c39e90264f33305004495a9","hash":"09f0d96a8be731e636c1a0841ec726e918a867e7"}
,"C:\\Users\\alego\\Desktop\\ProjectTaskManagement\\backend\\controllers\\taskController.js": {"path":"C:\\Users\\alego\\Desktop\\ProjectTaskManagement\\backend\\controllers\\taskController.js","statementMap":{"0":{"start":{"line":1,"column":35},"end":{"line":1,"column":55}},"1":{"start":{"line":3,"column":0},"end":{"line":19,"column":2}},"2":{"start":{"line":4,"column":2},"end":{"line":4,"column":101}},"3":{"start":{"line":5,"column":2},"end":{"line":18,"column":3}},"4":{"start":{"line":6,"column":24},"end":{"line":6,"column":34}},"5":{"start":{"line":7,"column":63},"end":{"line":7,"column":71}},"6":{"start":{"line":8,"column":4},"end":{"line":10,"column":5}},"7":{"start":{"line":9,"column":6},"end":{"line":9,"column":73}},"8":{"start":{"line":11,"column":25},"end":{"line":11,"column":95}},"9":{"start":{"line":12,"column":22},"end":{"line":12,"column":63}},"10":{"start":{"line":13,"column":17},"end":{"line":13,"column":113}},"11":{"start":{"line":14,"column":4},"end":{"line":14,"column":31}},"12":{"start":{"line":16,"column":4},"end":{"line":16,"column":47}},"13":{"start":{"line":17,"column":4},"end":{"line":17,"column":51}},"14":{"start":{"line":21,"column":0},"end":{"line":39,"column":2}},"15":{"start":{"line":22,"column":2},"end":{"line":22,"column":100}},"16":{"start":{"line":23,"column":2},"end":{"line":38,"column":3}},"17":{"start":{"line":24,"column":24},"end":{"line":24,"column":34}},"18":{"start":{"line":25,"column":19},"end":{"line":25,"column":30}},"19":{"start":{"line":26,"column":22},"end":{"line":29,"column":5}},"20":{"start":{"line":30,"column":4},"end":{"line":32,"column":5}},"21":{"start":{"line":31,"column":6},"end":{"line":31,"column":83}},"22":{"start":{"line":33,"column":18},"end":{"line":33,"column":102}},"23":{"start":{"line":34,"column":4},"end":{"line":34,"column":20}},"24":{"start":{"line":36,"column":4},"end":{"line":36,"column":45}},"25":{"start":{"line":37,"column":4},"end":{"line":37,"column":51}},"26":{"start":{"line":41,"column":0},"end":{"line":66,"column":2}},"27":{"start":{"line":42,"column":2},"end":{"line":42,"column":121}},"28":{"start":{"line":43,"column":2},"end":{"line":65,"column":3}},"29":{"start":{"line":44,"column":32},"end":{"line":44,"column":42}},"30":{"start":{"line":45,"column":19},"end":{"line":45,"column":30}},"31":{"start":{"line":46,"column":22},"end":{"line":49,"column":5}},"32":{"start":{"line":50,"column":4},"end":{"line":53,"column":5}},"33":{"start":{"line":51,"column":6},"end":{"line":51,"column":88}},"34":{"start":{"line":52,"column":6},"end":{"line":52,"column":83}},"35":{"start":{"line":54,"column":63},"end":{"line":54,"column":71}},"36":{"start":{"line":55,"column":17},"end":{"line":55,"column":71}},"37":{"start":{"line":56,"column":4},"end":{"line":59,"column":5}},"38":{"start":{"line":57,"column":6},"end":{"line":57,"column":81}},"39":{"start":{"line":58,"column":6},"end":{"line":58,"column":65}},"40":{"start":{"line":60,"column":4},"end":{"line":60,"column":74}},"41":{"start":{"line":61,"column":4},"end":{"line":61,"column":19}},"42":{"start":{"line":63,"column":4},"end":{"line":63,"column":47}},"43":{"start":{"line":64,"column":4},"end":{"line":64,"column":51}},"44":{"start":{"line":68,"column":0},"end":{"line":92,"column":2}},"45":{"start":{"line":69,"column":2},"end":{"line":69,"column":105}},"46":{"start":{"line":70,"column":2},"end":{"line":91,"column":3}},"47":{"start":{"line":71,"column":32},"end":{"line":71,"column":42}},"48":{"start":{"line":72,"column":19},"end":{"line":72,"column":30}},"49":{"start":{"line":73,"column":22},"end":{"line":76,"column":5}},"50":{"start":{"line":77,"column":4},"end":{"line":80,"column":5}},"51":{"start":{"line":78,"column":6},"end":{"line":78,"column":88}},"52":{"start":{"line":79,"column":6},"end":{"line":79,"column":83}},"53":{"start":{"line":81,"column":17},"end":{"line":81,"column":71}},"54":{"start":{"line":82,"column":4},"end":{"line":85,"column":5}},"55":{"start":{"line":83,"column":6},"end":{"line":83,"column":81}},"56":{"start":{"line":84,"column":6},"end":{"line":84,"column":65}},"57":{"start":{"line":86,"column":4},"end":{"line":86,"column":25}},"58":{"start":{"line":87,"column":4},"end":{"line":87,"column":26}},"59":{"start":{"line":89,"column":4},"end":{"line":89,"column":47}},"60":{"start":{"line":90,"column":4},"end":{"line":90,"column":51}},"61":{"start":{"line":95,"column":0},"end":{"line":115,"column":2}},"62":{"start":{"line":96,"column":2},"end":{"line":96,"column":106}},"63":{"start":{"line":97,"column":2},"end":{"line":114,"column":3}},"64":{"start":{"line":98,"column":24},"end":{"line":98,"column":34}},"65":{"start":{"line":99,"column":27},"end":{"line":99,"column":35}},"66":{"start":{"line":100,"column":4},"end":{"line":102,"column":5}},"67":{"start":{"line":101,"column":6},"end":{"line":101,"column":78}},"68":{"start":{"line":104,"column":18},"end":{"line":104,"column":60}},"69":{"start":{"line":105,"column":18},"end":{"line":105,"column":47}},"70":{"start":{"line":105,"column":41},"end":{"line":105,"column":45}},"71":{"start":{"line":106,"column":4},"end":{"line":108,"column":5}},"72":{"start":{"line":106,"column":32},"end":{"line":106,"column":45}},"73":{"start":{"line":107,"column":6},"end":{"line":107,"column":67}},"74":{"start":{"line":110,"column":4},"end":{"line":110,"column":108}},"75":{"start":{"line":110,"column":50},"end":{"line":110,"column":105}},"76":{"start":{"line":111,"column":4},"end":{"line":111,"column":32}},"77":{"start":{"line":113,"column":4},"end":{"line":113,"column":51}}},"fnMap":{"0":{"name":"(anonymous_0)","decl":{"start":{"line":3,"column":21},"end":{"line":3,"column":22}},"loc":{"start":{"line":3,"column":41},"end":{"line":19,"column":1}},"line":3},"1":{"name":"(anonymous_1)","decl":{"start":{"line":21,"column":19},"end":{"line":21,"column":20}},"loc":{"start":{"line":21,"column":39},"end":{"line":39,"column":1}},"line":21},"2":{"name":"(anonymous_2)","decl":{"start":{"line":41,"column":21},"end":{"line":41,"column":22}},"loc":{"start":{"line":41,"column":41},"end":{"line":66,"column":1}},"line":41},"3":{"name":"(anonymous_3)","decl":{"start":{"line":68,"column":21},"end":{"line":68,"column":22}},"loc":{"start":{"line":68,"column":41},"end":{"line":92,"column":1}},"line":68},"4":{"name":"(anonymous_4)","decl":{"start":{"line":95,"column":27},"end":{"line":95,"column":28}},"loc":{"start":{"line":95,"column":47},"end":{"line":115,"column":1}},"line":95},"5":{"name":"(anonymous_5)","decl":{"start":{"line":105,"column":36},"end":{"line":105,"column":37}},"loc":{"start":{"line":105,"column":41},"end":{"line":105,"column":45}},"line":105},"6":{"name":"(anonymous_6)","decl":{"start":{"line":106,"column":26},"end":{"line":106,"column":27}},"loc":{"start":{"line":106,"column":32},"end":{"line":106,"column":45}},"line":106},"7":{"name":"(anonymous_7)","decl":{"start":{"line":110,"column":37},"end":{"line":110,"column":38}},"loc":{"start":{"line":110,"column":50},"end":{"line":110,"column":105}},"line":110}},"branchMap":{"0":{"loc":{"start":{"line":8,"column":4},"end":{"line":10,"column":5}},"type":"if","locations":[{"start":{"line":8,"column":4},"end":{"line":10,"column":5}},{"start":{},"end":{}}],"line":8},"1":{"loc":{"start":{"line":12,"column":22},"end":{"line":12,"column":63}},"type":"cond-expr","locations":[{"start":{"line":12,"column":37},"end":{"line":12,"column":59}},{"start":{"line":12,"column":62},"end":{"line":12,"column":63}}],"line":12},"2":{"loc":{"start":{"line":30,"column":4},"end":{"line":32,"column":5}},"type":"if","locations":[{"start":{"line":30,"column":4},"end":{"line":32,"column":5}},{"start":{},"end":{}}],"line":30},"3":{"loc":{"start":{"line":50,"column":4},"end":{"line":53,"column":5}},"type":"if","locations":[{"start":{"line":50,"column":4},"end":{"line":53,"column":5}},{"start":{},"end":{}}],"line":50},"4":{"loc":{"start":{"line":56,"column":4},"end":{"line":59,"column":5}},"type":"if","locations":[{"start":{"line":56,"column":4},"end":{"line":59,"column":5}},{"start":{},"end":{}}],"line":56},"5":{"loc":{"start":{"line":77,"column":4},"end":{"line":80,"column":5}},"type":"if","locations":[{"start":{"line":77,"column":4},"end":{"line":80,"column":5}},{"start":{},"end":{}}],"line":77},"6":{"loc":{"start":{"line":82,"column":4},"end":{"line":85,"column":5}},"type":"if","locations":[{"start":{"line":82,"column":4},"end":{"line":85,"column":5}},{"start":{},"end":{}}],"line":82},"7":{"loc":{"start":{"line":100,"column":4},"end":{"line":102,"column":5}},"type":"if","locations":[{"start":{"line":100,"column":4},"end":{"line":102,"column":5}},{"start":{},"end":{}}],"line":100},"8":{"loc":{"start":{"line":106,"column":4},"end":{"line":108,"column":5}},"type":"if","locations":[{"start":{"line":106,"column":4},"end":{"line":108,"column":5}},{"start":{},"end":{}}],"line":106}},"s":{"0":7,"1":7,"2":2,"3":2,"4":2,"5":2,"6":2,"7":1,"8":1,"9":0,"10":0,"11":0,"12":1,"13":1,"14":7,"15":2,"16":2,"17":2,"18":2,"19":2,"20":1,"21":1,"22":0,"23":0,"24":1,"25":1,"26":7,"27":3,"28":3,"29":3,"30":3,"31":3,"32":2,"33":1,"34":1,"35":1,"36":1,"37":1,"38":1,"39":1,"40":0,"41":0,"42":1,"43":1,"44":7,"45":3,"46":3,"47":3,"48":3,"49":3,"50":2,"51":1,"52":1,"53":1,"54":1,"55":1,"56":1,"57":0,"58":0,"59":1,"60":1,"61":7,"62":3,"63":3,"64":3,"65":3,"66":3,"67":1,"68":2,"69":1,"70":1,"71":1,"72":2,"73":1,"74":0,"75":0,"76":0,"77":1},"f":{"0":2,"1":2,"2":3,"3":3,"4":3,"5":1,"6":2,"7":0},"b":{"0":[1,1],"1":[0,0],"2":[1,0],"3":[1,1],"4":[1,0],"5":[1,1],"6":[1,0],"7":[1,2],"8":[1,0]},"_coverageSchema":"1a1c01bbd47fc00a2c39e90264f33305004495a9","hash":"288d430fb8971d03418b61b7ae03211c81c8276d"}
,"C:\\Users\\alego\\Desktop\\ProjectTaskManagement\\backend\\controllers\\userController.js": {"path":"C:\\Users\\alego\\Desktop\\ProjectTaskManagement\\backend\\controllers\\userController.js","statementMap":{"0":{"start":{"line":1,"column":15},"end":{"line":1,"column":34}},"1":{"start":{"line":2,"column":12},"end":{"line":2,"column":35}},"2":{"start":{"line":3,"column":17},"end":{"line":3,"column":37}},"3":{"start":{"line":4,"column":0},"end":{"line":4,"column":27}},"4":{"start":{"line":6,"column":0},"end":{"line":30,"column":2}},"5":{"start":{"line":7,"column":2},"end":{"line":29,"column":3}},"6":{"start":{"line":8,"column":38},"end":{"line":8,"column":46}},"7":{"start":{"line":9,"column":4},"end":{"line":11,"column":5}},"8":{"start":{"line":10,"column":6},"end":{"line":10,"column":90}},"9":{"start":{"line":13,"column":4},"end":{"line":15,"column":5}},"10":{"start":{"line":14,"column":6},"end":{"line":14,"column":71}},"11":{"start":{"line":16,"column":4},"end":{"line":18,"column":5}},"12":{"start":{"line":17,"column":6},"end":{"line":17,"column":94}},"13":{"start":{"line":20,"column":21},"end":{"line":20,"column":61}},"14":{"start":{"line":21,"column":4},"end":{"line":21,"column":83}},"15":{"start":{"line":21,"column":18},"end":{"line":21,"column":83}},"16":{"start":{"line":23,"column":19},"end":{"line":23,"column":50}},"17":{"start":{"line":24,"column":17},"end":{"line":24,"column":69}},"18":{"start":{"line":26,"column":4},"end":{"line":26,"column":31}},"19":{"start":{"line":28,"column":4},"end":{"line":28,"column":51}},"20":{"start":{"line":32,"column":0},"end":{"line":44,"column":2}},"21":{"start":{"line":33,"column":2},"end":{"line":43,"column":3}},"22":{"start":{"line":34,"column":32},"end":{"line":34,"column":40}},"23":{"start":{"line":35,"column":17},"end":{"line":35,"column":57}},"24":{"start":{"line":36,"column":4},"end":{"line":38,"column":5}},"25":{"start":{"line":37,"column":6},"end":{"line":37,"column":70}},"26":{"start":{"line":39,"column":18},"end":{"line":39,"column":122}},"27":{"start":{"line":40,"column":4},"end":{"line":40,"column":30}},"28":{"start":{"line":42,"column":4},"end":{"line":42,"column":51}},"29":{"start":{"line":46,"column":0},"end":{"line":49,"column":2}},"30":{"start":{"line":47,"column":16},"end":{"line":47,"column":36}},"31":{"start":{"line":48,"column":2},"end":{"line":48,"column":18}},"32":{"start":{"line":51,"column":0},"end":{"line":55,"column":2}},"33":{"start":{"line":52,"column":15},"end":{"line":52,"column":49}},"34":{"start":{"line":53,"column":2},"end":{"line":53,"column":72}},"35":{"start":{"line":53,"column":13},"end":{"line":53,"column":72}},"36":{"start":{"line":54,"column":2},"end":{"line":54,"column":17}},"37":{"start":{"line":57,"column":0},"end":{"line":72,"column":2}},"38":{"start":{"line":58,"column":15},"end":{"line":58,"column":49}},"39":{"start":{"line":59,"column":2},"end":{"line":59,"column":72}},"40":{"start":{"line":59,"column":13},"end":{"line":59,"column":72}},"41":{"start":{"line":62,"column":2},"end":{"line":69,"column":3}},"42":{"start":{"line":63,"column":4},"end":{"line":65,"column":5}},"43":{"start":{"line":64,"column":6},"end":{"line":64,"column":94}},"44":{"start":{"line":66,"column":19},"end":{"line":66,"column":59}},"45":{"start":{"line":67,"column":4},"end":{"line":67,"column":44}},"46":{"start":{"line":68,"column":4},"end":{"line":68,"column":66}},"47":{"start":{"line":71,"column":2},"end":{"line":71,"column":64}},"48":{"start":{"line":74,"column":0},"end":{"line":79,"column":2}},"49":{"start":{"line":75,"column":15},"end":{"line":75,"column":49}},"50":{"start":{"line":76,"column":2},"end":{"line":76,"column":72}},"51":{"start":{"line":76,"column":13},"end":{"line":76,"column":72}},"52":{"start":{"line":77,"column":2},"end":{"line":77,"column":23}},"53":{"start":{"line":78,"column":2},"end":{"line":78,"column":24}}},"fnMap":{"0":{"name":"(anonymous_0)","decl":{"start":{"line":6,"column":19},"end":{"line":6,"column":20}},"loc":{"start":{"line":6,"column":39},"end":{"line":30,"column":1}},"line":6},"1":{"name":"(anonymous_1)","decl":{"start":{"line":32,"column":16},"end":{"line":32,"column":17}},"loc":{"start":{"line":32,"column":36},"end":{"line":44,"column":1}},"line":32},"2":{"name":"(anonymous_2)","decl":{"start":{"line":46,"column":17},"end":{"line":46,"column":18}},"loc":{"start":{"line":46,"column":38},"end":{"line":49,"column":1}},"line":46},"3":{"name":"(anonymous_3)","decl":{"start":{"line":51,"column":18},"end":{"line":51,"column":19}},"loc":{"start":{"line":51,"column":38},"end":{"line":55,"column":1}},"line":51},"4":{"name":"(anonymous_4)","decl":{"start":{"line":57,"column":17},"end":{"line":57,"column":18}},"loc":{"start":{"line":57,"column":37},"end":{"line":72,"column":1}},"line":57},"5":{"name":"(anonymous_5)","decl":{"start":{"line":74,"column":17},"end":{"line":74,"column":18}},"loc":{"start":{"line":74,"column":37},"end":{"line":79,"column":1}},"line":74}},"branchMap":{"0":{"loc":{"start":{"line":9,"column":4},"end":{"line":11,"column":5}},"type":"if","locations":[{"start":{"line":9,"column":4},"end":{"line":11,"column":5}},{"start":{},"end":{}}],"line":9},"1":{"loc":{"start":{"line":9,"column":8},"end":{"line":9,"column":32}},"type":"binary-expr","locations":[{"start":{"line":9,"column":8},"end":{"line":9,"column":13}},{"start":{"line":9,"column":17},"end":{"line":9,"column":32}}],"line":9},"2":{"loc":{"start":{"line":13,"column":4},"end":{"line":15,"column":5}},"type":"if","locations":[{"start":{"line":13,"column":4},"end":{"line":15,"column":5}},{"start":{},"end":{}}],"line":13},"3":{"loc":{"start":{"line":13,"column":8},"end":{"line":13,"column":38}},"type":"binary-expr","locations":[{"start":{"line":13,"column":8},"end":{"line":13,"column":14}},{"start":{"line":13,"column":18},"end":{"line":13,"column":38}}],"line":13},"4":{"loc":{"start":{"line":16,"column":4},"end":{"line":18,"column":5}},"type":"if","locations":[{"start":{"line":16,"column":4},"end":{"line":18,"column":5}},{"start":{},"end":{}}],"line":16},"5":{"loc":{"start":{"line":16,"column":8},"end":{"line":16,"column":40}},"type":"binary-expr","locations":[{"start":{"line":16,"column":8},"end":{"line":16,"column":17}},{"start":{"line":16,"column":21},"end":{"line":16,"column":40}}],"line":16},"6":{"loc":{"start":{"line":21,"column":4},"end":{"line":21,"column":83}},"type":"if","locations":[{"start":{"line":21,"column":4},"end":{"line":21,"column":83}},{"start":{},"end":{}}],"line":21},"7":{"loc":{"start":{"line":36,"column":4},"end":{"line":38,"column":5}},"type":"if","locations":[{"start":{"line":36,"column":4},"end":{"line":38,"column":5}},{"start":{},"end":{}}],"line":36},"8":{"loc":{"start":{"line":36,"column":8},"end":{"line":36,"column":65}},"type":"binary-expr","locations":[{"start":{"line":36,"column":8},"end":{"line":36,"column":13}},{"start":{"line":36,"column":17},"end":{"line":36,"column":65}}],"line":36},"9":{"loc":{"start":{"line":53,"column":2},"end":{"line":53,"column":72}},"type":"if","locations":[{"start":{"line":53,"column":2},"end":{"line":53,"column":72}},{"start":{},"end":{}}],"line":53},"10":{"loc":{"start":{"line":59,"column":2},"end":{"line":59,"column":72}},"type":"if","locations":[{"start":{"line":59,"column":2},"end":{"line":59,"column":72}},{"start":{},"end":{}}],"line":59},"11":{"loc":{"start":{"line":62,"column":2},"end":{"line":69,"column":3}},"type":"if","locations":[{"start":{"line":62,"column":2},"end":{"line":69,"column":3}},{"start":{},"end":{}}],"line":62},"12":{"loc":{"start":{"line":63,"column":4},"end":{"line":65,"column":5}},"type":"if","locations":[{"start":{"line":63,"column":4},"end":{"line":65,"column":5}},{"start":{},"end":{}}],"line":63},"13":{"loc":{"start":{"line":76,"column":2},"end":{"line":76,"column":72}},"type":"if","locations":[{"start":{"line":76,"column":2},"end":{"line":76,"column":72}},{"start":{},"end":{}}],"line":76}},"s":{"0":7,"1":7,"2":7,"3":7,"4":7,"5":5,"6":5,"7":5,"8":1,"9":4,"10":1,"11":3,"12":1,"13":2,"14":1,"15":1,"16":0,"17":0,"18":0,"19":1,"20":7,"21":3,"22":3,"23":3,"24":2,"25":2,"26":0,"27":0,"28":1,"29":7,"30":1,"31":1,"32":7,"33":1,"34":1,"35":1,"36":0,"37":7,"38":3,"39":3,"40":1,"41":2,"42":1,"43":1,"44":0,"45":0,"46":0,"47":1,"48":7,"49":1,"50":1,"51":1,"52":0,"53":0},"f":{"0":5,"1":3,"2":1,"3":1,"4":3,"5":1},"b":{"0":[1,4],"1":[5,5],"2":[1,3],"3":[4,4],"4":[1,2],"5":[3,3],"6":[1,0],"7":[2,0],"8":[2,1],"9":[1,0],"10":[1,2],"11":[1,1],"12":[1,0],"13":[1,0]},"_coverageSchema":"1a1c01bbd47fc00a2c39e90264f33305004495a9","hash":"d5ce0a68f469f9a6f762d0ffa566d67d48db8f67"}
,"C:\\Users\\alego\\Desktop\\ProjectTaskManagement\\backend\\middleware\\authMiddleware.js": {"path":"C:\\Users\\alego\\Desktop\\ProjectTaskManagement\\backend\\middleware\\authMiddleware.js","statementMap":{"0":{"start":{"line":1,"column":12},"end":{"line":1,"column":35}},"1":{"start":{"line":2,"column":0},"end":{"line":2,"column":27}},"2":{"start":{"line":4,"column":0},"end":{"line":15,"column":2}},"3":{"start":{"line":5,"column":16},"end":{"line":5,"column":56}},"4":{"start":{"line":6,"column":2},"end":{"line":6,"column":70}},"5":{"start":{"line":6,"column":14},"end":{"line":6,"column":70}},"6":{"start":{"line":8,"column":2},"end":{"line":14,"column":3}},"7":{"start":{"line":9,"column":20},"end":{"line":9,"column":61}},"8":{"start":{"line":10,"column":4},"end":{"line":10,"column":23}},"9":{"start":{"line":11,"column":4},"end":{"line":11,"column":11}},"10":{"start":{"line":13,"column":4},"end":{"line":13,"column":53}}},"fnMap":{"0":{"name":"(anonymous_0)","decl":{"start":{"line":4,"column":17},"end":{"line":4,"column":18}},"loc":{"start":{"line":4,"column":37},"end":{"line":15,"column":1}},"line":4}},"branchMap":{"0":{"loc":{"start":{"line":6,"column":2},"end":{"line":6,"column":70}},"type":"if","locations":[{"start":{"line":6,"column":2},"end":{"line":6,"column":70}},{"start":{},"end":{}}],"line":6}},"s":{"0":7,"1":7,"2":7,"3":2,"4":2,"5":2,"6":0,"7":0,"8":0,"9":0,"10":0},"f":{"0":2},"b":{"0":[2,0]},"_coverageSchema":"1a1c01bbd47fc00a2c39e90264f33305004495a9","hash":"f03f566c63d56d51679063344af60a8aa8fea036"}
,"C:\\Users\\alego\\Desktop\\ProjectTaskManagement\\backend\\models\\activityLog.js": {"path":"C:\\Users\\alego\\Desktop\\ProjectTaskManagement\\backend\\models\\activityLog.js","statementMap":{"0":{"start":{"line":1,"column":0},"end":{"line":11,"column":4}},"1":{"start":{"line":2,"column":4},"end":{"line":10,"column":7}}},"fnMap":{"0":{"name":"(anonymous_0)","decl":{"start":{"line":1,"column":17},"end":{"line":1,"column":18}},"loc":{"start":{"line":1,"column":43},"end":{"line":11,"column":3}},"line":1}},"branchMap":{},"s":{"0":7,"1":6},"f":{"0":6},"b":{},"_coverageSchema":"1a1c01bbd47fc00a2c39e90264f33305004495a9","hash":"18a7418eed63e37c5557fe01040a4c67be811b4b"}
,"C:\\Users\\alego\\Desktop\\ProjectTaskManagement\\backend\\models\\attachment.js": {"path":"C:\\Users\\alego\\Desktop\\ProjectTaskManagement\\backend\\models\\attachment.js","statementMap":{"0":{"start":{"line":1,"column":0},"end":{"line":11,"column":4}},"1":{"start":{"line":2,"column":4},"end":{"line":10,"column":7}}},"fnMap":{"0":{"name":"(anonymous_0)","decl":{"start":{"line":1,"column":17},"end":{"line":1,"column":18}},"loc":{"start":{"line":1,"column":43},"end":{"line":11,"column":3}},"line":1}},"branchMap":{},"s":{"0":7,"1":6},"f":{"0":6},"b":{},"_coverageSchema":"1a1c01bbd47fc00a2c39e90264f33305004495a9","hash":"f45b29f755bc4356e0a2c15593b4a171221cdb1e"}
,"C:\\Users\\alego\\Desktop\\ProjectTaskManagement\\backend\\models\\board.js": {"path":"C:\\Users\\alego\\Desktop\\ProjectTaskManagement\\backend\\models\\board.js","statementMap":{"0":{"start":{"line":1,"column":0},"end":{"line":14,"column":4}},"1":{"start":{"line":2,"column":18},"end":{"line":11,"column":6}},"2":{"start":{"line":13,"column":4},"end":{"line":13,"column":17}}},"fnMap":{"0":{"name":"(anonymous_0)","decl":{"start":{"line":1,"column":17},"end":{"line":1,"column":18}},"loc":{"start":{"line":1,"column":43},"end":{"line":14,"column":3}},"line":1}},"branchMap":{},"s":{"0":7,"1":6,"2":6},"f":{"0":6},"b":{},"_coverageSchema":"1a1c01bbd47fc00a2c39e90264f33305004495a9","hash":"753b041659404604fc4920ed2a62ac6904a3753d"}
,"C:\\Users\\alego\\Desktop\\ProjectTaskManagement\\backend\\models\\category.js": {"path":"C:\\Users\\alego\\Desktop\\ProjectTaskManagement\\backend\\models\\category.js","statementMap":{"0":{"start":{"line":1,"column":0},"end":{"line":10,"column":4}},"1":{"start":{"line":2,"column":4},"end":{"line":9,"column":7}}},"fnMap":{"0":{"name":"(anonymous_0)","decl":{"start":{"line":1,"column":17},"end":{"line":1,"column":18}},"loc":{"start":{"line":1,"column":43},"end":{"line":10,"column":3}},"line":1}},"branchMap":{},"s":{"0":7,"1":6},"f":{"0":6},"b":{},"_coverageSchema":"1a1c01bbd47fc00a2c39e90264f33305004495a9","hash":"99e4d31bd38b31eebe9ab501721e9c5f8f3f857c"}
,"C:\\Users\\alego\\Desktop\\ProjectTaskManagement\\backend\\models\\comment.js": {"path":"C:\\Users\\alego\\Desktop\\ProjectTaskManagement\\backend\\models\\comment.js","statementMap":{"0":{"start":{"line":1,"column":0},"end":{"line":11,"column":4}},"1":{"start":{"line":2,"column":4},"end":{"line":10,"column":7}}},"fnMap":{"0":{"name":"(anonymous_0)","decl":{"start":{"line":1,"column":17},"end":{"line":1,"column":18}},"loc":{"start":{"line":1,"column":43},"end":{"line":11,"column":3}},"line":1}},"branchMap":{},"s":{"0":7,"1":6},"f":{"0":6},"b":{},"_coverageSchema":"1a1c01bbd47fc00a2c39e90264f33305004495a9","hash":"bc22a3cf2b28709f2c0967f93c752b812aa733c6"}
,"C:\\Users\\alego\\Desktop\\ProjectTaskManagement\\backend\\models\\index.js": {"path":"C:\\Users\\alego\\Desktop\\ProjectTaskManagement\\backend\\models\\index.js","statementMap":{"0":{"start":{"line":1,"column":18},"end":{"line":1,"column":38}},"1":{"start":{"line":2,"column":18},"end":{"line":2,"column":41}},"2":{"start":{"line":4,"column":13},"end":{"line":4,"column":52}},"3":{"start":{"line":5,"column":14},"end":{"line":5,"column":54}},"4":{"start":{"line":6,"column":13},"end":{"line":6,"column":52}},"5":{"start":{"line":7,"column":12},"end":{"line":7,"column":50}},"6":{"start":{"line":8,"column":17},"end":{"line":8,"column":60}},"7":{"start":{"line":9,"column":16},"end":{"line":9,"column":58}},"8":{"start":{"line":10,"column":19},"end":{"line":10,"column":64}},"9":{"start":{"line":11,"column":20},"end":{"line":11,"column":66}},"10":{"start":{"line":13,"column":0},"end":{"line":13,"column":46}},"11":{"start":{"line":14,"column":0},"end":{"line":14,"column":48}},"12":{"start":{"line":16,"column":0},"end":{"line":16,"column":47}},"13":{"start":{"line":17,"column":0},"end":{"line":17,"column":49}},"14":{"start":{"line":19,"column":0},"end":{"line":19,"column":72}},"15":{"start":{"line":20,"column":0},"end":{"line":20,"column":71}},"16":{"start":{"line":22,"column":0},"end":{"line":22,"column":110}},"17":{"start":{"line":23,"column":0},"end":{"line":23,"column":111}},"18":{"start":{"line":25,"column":0},"end":{"line":25,"column":48}},"19":{"start":{"line":26,"column":0},"end":{"line":26,"column":48}},"20":{"start":{"line":28,"column":0},"end":{"line":28,"column":51}},"21":{"start":{"line":29,"column":0},"end":{"line":29,"column":53}},"22":{"start":{"line":31,"column":0},"end":{"line":31,"column":52}},"23":{"start":{"line":32,"column":0},"end":{"line":32,"column":52}},"24":{"start":{"line":34,"column":0},"end":{"line":44,"column":2}}},"fnMap":{},"branchMap":{},"s":{"0":6,"1":6,"2":6,"3":6,"4":6,"5":6,"6":6,"7":6,"8":6,"9":6,"10":6,"11":6,"12":6,"13":6,"14":6,"15":6,"16":6,"17":6,"18":6,"19":6,"20":6,"21":6,"22":6,"23":6,"24":6},"f":{},"b":{},"_coverageSchema":"1a1c01bbd47fc00a2c39e90264f33305004495a9","hash":"a0a0f35bef270185e7c85a8fc2247fcc32946495"}
,"C:\\Users\\alego\\Desktop\\ProjectTaskManagement\\backend\\models\\tag.js": {"path":"C:\\Users\\alego\\Desktop\\ProjectTaskManagement\\backend\\models\\tag.js","statementMap":{"0":{"start":{"line":1,"column":0},"end":{"line":9,"column":4}},"1":{"start":{"line":2,"column":4},"end":{"line":8,"column":7}}},"fnMap":{"0":{"name":"(anonymous_0)","decl":{"start":{"line":1,"column":17},"end":{"line":1,"column":18}},"loc":{"start":{"line":1,"column":43},"end":{"line":9,"column":3}},"line":1}},"branchMap":{},"s":{"0":7,"1":6},"f":{"0":6},"b":{},"_coverageSchema":"1a1c01bbd47fc00a2c39e90264f33305004495a9","hash":"b817c145758ad37ac0943e54368881c011ed2f21"}
,"C:\\Users\\alego\\Desktop\\ProjectTaskManagement\\backend\\models\\task.js": {"path":"C:\\Users\\alego\\Desktop\\ProjectTaskManagement\\backend\\models\\task.js","statementMap":{"0":{"start":{"line":1,"column":0},"end":{"line":15,"column":4}},"1":{"start":{"line":2,"column":4},"end":{"line":14,"column":7}}},"fnMap":{"0":{"name":"(anonymous_0)","decl":{"start":{"line":1,"column":17},"end":{"line":1,"column":18}},"loc":{"start":{"line":1,"column":43},"end":{"line":15,"column":3}},"line":1}},"branchMap":{},"s":{"0":7,"1":6},"f":{"0":6},"b":{},"_coverageSchema":"1a1c01bbd47fc00a2c39e90264f33305004495a9","hash":"cb54433f2e33766bd557c7c6cb8c1f2cc711f660"}
,"C:\\Users\\alego\\Desktop\\ProjectTaskManagement\\backend\\models\\user.js": {"path":"C:\\Users\\alego\\Desktop\\ProjectTaskManagement\\backend\\models\\user.js","statementMap":{"0":{"start":{"line":1,"column":0},"end":{"line":12,"column":2}},"1":{"start":{"line":2,"column":2},"end":{"line":11,"column":5}}},"fnMap":{"0":{"name":"(anonymous_0)","decl":{"start":{"line":1,"column":17},"end":{"line":1,"column":18}},"loc":{"start":{"line":1,"column":43},"end":{"line":12,"column":1}},"line":1}},"branchMap":{},"s":{"0":7,"1":6},"f":{"0":6},"b":{},"_coverageSchema":"1a1c01bbd47fc00a2c39e90264f33305004495a9","hash":"cb157cf9d4a6804b9bac96f535251a0d01ca8ad4"}
,"C:\\Users\\alego\\Desktop\\ProjectTaskManagement\\backend\\routes\\boardRoutes.js": {"path":"C:\\Users\\alego\\Desktop\\ProjectTaskManagement\\backend\\routes\\boardRoutes.js","statementMap":{"0":{"start":{"line":1,"column":16},"end":{"line":1,"column":34}},"1":{"start":{"line":2,"column":94},"end":{"line":2,"column":135}},"2":{"start":{"line":3,"column":75},"end":{"line":3,"column":115}},"3":{"start":{"line":4,"column":23},"end":{"line":4,"column":62}},"4":{"start":{"line":5,"column":15},"end":{"line":5,"column":31}},"5":{"start":{"line":7,"column":0},"end":{"line":7,"column":27}},"6":{"start":{"line":9,"column":0},"end":{"line":12,"column":3}},"7":{"start":{"line":10,"column":2},"end":{"line":10,"column":89}},"8":{"start":{"line":11,"column":2},"end":{"line":11,"column":9}},"9":{"start":{"line":14,"column":0},"end":{"line":14,"column":40}},"10":{"start":{"line":15,"column":0},"end":{"line":15,"column":30}},"11":{"start":{"line":16,"column":0},"end":{"line":16,"column":27}},"12":{"start":{"line":17,"column":0},"end":{"line":17,"column":33}},"13":{"start":{"line":18,"column":0},"end":{"line":18,"column":32}},"14":{"start":{"line":19,"column":0},"end":{"line":19,"column":35}},"15":{"start":{"line":21,"column":0},"end":{"line":21,"column":43}},"16":{"start":{"line":22,"column":0},"end":{"line":22,"column":40}},"17":{"start":{"line":23,"column":0},"end":{"line":23,"column":54}},"18":{"start":{"line":24,"column":0},"end":{"line":24,"column":50}},"19":{"start":{"line":25,"column":0},"end":{"line":25,"column":53}},"20":{"start":{"line":27,"column":0},"end":{"line":27,"column":24}}},"fnMap":{"0":{"name":"(anonymous_0)","decl":{"start":{"line":9,"column":11},"end":{"line":9,"column":12}},"loc":{"start":{"line":9,"column":31},"end":{"line":12,"column":1}},"line":9}},"branchMap":{},"s":{"0":7,"1":7,"2":7,"3":7,"4":7,"5":7,"6":7,"7":0,"8":0,"9":7,"10":7,"11":7,"12":7,"13":7,"14":7,"15":7,"16":7,"17":7,"18":7,"19":7,"20":7},"f":{"0":0},"b":{},"_coverageSchema":"1a1c01bbd47fc00a2c39e90264f33305004495a9","hash":"6dfcf276efde695ba9e81186b65fe211d350b549"}
,"C:\\Users\\alego\\Desktop\\ProjectTaskManagement\\backend\\routes\\googleRoutes.js": {"path":"C:\\Users\\alego\\Desktop\\ProjectTaskManagement\\backend\\routes\\googleRoutes.js","statementMap":{"0":{"start":{"line":1,"column":16},"end":{"line":1,"column":34}},"1":{"start":{"line":2,"column":24},"end":{"line":2,"column":66}},"2":{"start":{"line":3,"column":15},"end":{"line":3,"column":31}},"3":{"start":{"line":5,"column":0},"end":{"line":5,"column":35}},"4":{"start":{"line":7,"column":0},"end":{"line":7,"column":24}}},"fnMap":{},"branchMap":{},"s":{"0":7,"1":7,"2":7,"3":7,"4":7},"f":{},"b":{},"_coverageSchema":"1a1c01bbd47fc00a2c39e90264f33305004495a9","hash":"b0807ee4550f769b86c6ad1bdac0ced37a8a3827"}
,"C:\\Users\\alego\\Desktop\\ProjectTaskManagement\\backend\\routes\\userRoutes.js": {"path":"C:\\Users\\alego\\Desktop\\ProjectTaskManagement\\backend\\routes\\userRoutes.js","statementMap":{"0":{"start":{"line":1,"column":16},"end":{"line":1,"column":34}},"1":{"start":{"line":2,"column":36},"end":{"line":2,"column":76}},"2":{"start":{"line":3,"column":23},"end":{"line":3,"column":62}},"3":{"start":{"line":4,"column":15},"end":{"line":4,"column":31}},"4":{"start":{"line":6,"column":0},"end":{"line":6,"column":35}},"5":{"start":{"line":7,"column":0},"end":{"line":7,"column":29}},"6":{"start":{"line":8,"column":0},"end":{"line":8,"column":43}},"7":{"start":{"line":10,"column":0},"end":{"line":10,"column":24}}},"fnMap":{},"branchMap":{},"s":{"0":7,"1":7,"2":7,"3":7,"4":7,"5":7,"6":7,"7":7},"f":{},"b":{},"_coverageSchema":"1a1c01bbd47fc00a2c39e90264f33305004495a9","hash":"bb88ef79b18bb10563df9a7fa0769bb2ec9656c7"}
}
