TN:
SF:app.js
FN:18,(anonymous_0)
FN:23,(anonymous_1)
FNF:2
FNH:0
FNDA:0,(anonymous_0)
FNDA:0,(anonymous_1)
DA:1,7
DA:2,7
DA:3,7
DA:4,7
DA:5,7
DA:7,7
DA:8,7
DA:9,7
DA:11,7
DA:12,7
DA:14,7
DA:15,7
DA:16,7
DA:18,7
DA:20,7
DA:22,7
DA:23,0
DA:24,0
DA:25,0
DA:26,0
DA:27,0
DA:28,0
DA:30,0
DA:35,7
LF:24
LH:17
BRDA:20,0,0,7
BRDA:20,0,1,0
BRDA:22,1,0,0
BRDA:22,1,1,7
BRF:4
BRH:2
end_of_record
TN:
SF:config\db.js
FNF:0
FNH:0
DA:1,6
DA:2,6
DA:4,6
DA:15,6
LF:4
LH:4
BRF:0
BRH:0
end_of_record
TN:
SF:controllers\boardController.js
FN:3,(anonymous_0)
FN:21,(anonymous_1)
FN:39,(anonymous_2)
FN:53,(anonymous_3)
FN:69,(anonymous_4)
FN:84,(anonymous_5)
FN:97,(anonymous_6)
FNF:7
FNH:6
FNDA:2,(anonymous_0)
FNDA:1,(anonymous_1)
FNDA:2,(anonymous_2)
FNDA:2,(anonymous_3)
FNDA:2,(anonymous_4)
FNDA:3,(anonymous_5)
FNDA:0,(anonymous_6)
DA:1,7
DA:3,7
DA:4,2
DA:5,2
DA:6,2
DA:7,2
DA:8,2
DA:9,1
DA:11,1
DA:12,0
DA:13,0
DA:14,0
DA:16,1
DA:17,1
DA:21,7
DA:22,1
DA:23,1
DA:24,1
DA:33,0
DA:35,1
DA:39,7
DA:40,2
DA:41,2
DA:42,2
DA:43,2
DA:44,1
DA:45,1
DA:47,0
DA:49,1
DA:53,7
DA:54,2
DA:55,2
DA:56,2
DA:57,2
DA:58,2
DA:59,1
DA:60,1
DA:62,0
DA:63,0
DA:65,1
DA:69,7
DA:70,2
DA:71,2
DA:72,2
DA:73,2
DA:74,1
DA:75,1
DA:77,0
DA:78,0
DA:80,1
DA:84,7
DA:85,3
DA:86,3
DA:87,3
DA:88,3
DA:89,1
DA:91,2
DA:94,1
DA:95,1
DA:97,0
DA:98,0
DA:100,1
LF:62
LH:51
BRDA:8,0,0,1
BRDA:8,0,1,1
BRDA:44,1,0,1
BRDA:44,1,1,0
BRDA:59,2,0,1
BRDA:59,2,1,0
BRDA:74,3,0,1
BRDA:74,3,1,0
BRDA:88,4,0,1
BRDA:88,4,1,2
BRDA:94,5,0,1
BRDA:94,5,1,0
BRF:12
BRH:8
end_of_record
TN:
SF:controllers\googleController.js
FN:8,(anonymous_0)
FNF:1
FNH:1
FNDA:3,(anonymous_0)
DA:1,7
DA:2,7
DA:3,7
DA:4,7
DA:6,7
DA:8,7
DA:9,3
DA:10,3
DA:11,2
DA:13,2
DA:17,0
DA:18,0
DA:19,0
DA:21,0
DA:22,0
DA:23,0
DA:25,0
DA:26,0
DA:28,2
LF:19
LH:11
BRDA:10,0,0,1
BRDA:10,0,1,2
BRDA:19,1,0,0
BRDA:19,1,1,0
BRDA:22,2,0,0
BRDA:22,2,1,0
BRDA:23,3,0,0
BRDA:23,3,1,0
BRF:8
BRH:2
end_of_record
TN:
SF:controllers\taskController.js
FN:3,(anonymous_0)
FN:21,(anonymous_1)
FN:41,(anonymous_2)
FN:68,(anonymous_3)
FN:95,(anonymous_4)
FN:105,(anonymous_5)
FN:106,(anonymous_6)
FN:110,(anonymous_7)
FNF:8
FNH:7
FNDA:2,(anonymous_0)
FNDA:2,(anonymous_1)
FNDA:3,(anonymous_2)
FNDA:3,(anonymous_3)
FNDA:3,(anonymous_4)
FNDA:1,(anonymous_5)
FNDA:2,(anonymous_6)
FNDA:0,(anonymous_7)
DA:1,7
DA:3,7
DA:4,2
DA:5,2
DA:6,2
DA:7,2
DA:8,2
DA:9,1
DA:11,1
DA:12,0
DA:13,0
DA:14,0
DA:16,1
DA:17,1
DA:21,7
DA:22,2
DA:23,2
DA:24,2
DA:25,2
DA:26,2
DA:30,1
DA:31,1
DA:33,0
DA:34,0
DA:36,1
DA:37,1
DA:41,7
DA:42,3
DA:43,3
DA:44,3
DA:45,3
DA:46,3
DA:50,2
DA:51,1
DA:52,1
DA:54,1
DA:55,1
DA:56,1
DA:57,1
DA:58,1
DA:60,0
DA:61,0
DA:63,1
DA:64,1
DA:68,7
DA:69,3
DA:70,3
DA:71,3
DA:72,3
DA:73,3
DA:77,2
DA:78,1
DA:79,1
DA:81,1
DA:82,1
DA:83,1
DA:84,1
DA:86,0
DA:87,0
DA:89,1
DA:90,1
DA:95,7
DA:96,3
DA:97,3
DA:98,3
DA:99,3
DA:100,3
DA:101,1
DA:104,2
DA:105,1
DA:106,2
DA:107,1
DA:110,0
DA:111,0
DA:113,1
LF:75
LH:64
BRDA:8,0,0,1
BRDA:8,0,1,1
BRDA:12,1,0,0
BRDA:12,1,1,0
BRDA:30,2,0,1
BRDA:30,2,1,0
BRDA:50,3,0,1
BRDA:50,3,1,1
BRDA:56,4,0,1
BRDA:56,4,1,0
BRDA:77,5,0,1
BRDA:77,5,1,1
BRDA:82,6,0,1
BRDA:82,6,1,0
BRDA:100,7,0,1
BRDA:100,7,1,2
BRDA:106,8,0,1
BRDA:106,8,1,0
BRF:18
BRH:12
end_of_record
TN:
SF:controllers\userController.js
FN:6,(anonymous_0)
FN:32,(anonymous_1)
FN:46,(anonymous_2)
FN:51,(anonymous_3)
FN:57,(anonymous_4)
FN:74,(anonymous_5)
FNF:6
FNH:6
FNDA:5,(anonymous_0)
FNDA:3,(anonymous_1)
FNDA:1,(anonymous_2)
FNDA:1,(anonymous_3)
FNDA:3,(anonymous_4)
FNDA:1,(anonymous_5)
DA:1,7
DA:2,7
DA:3,7
DA:4,7
DA:6,7
DA:7,5
DA:8,5
DA:9,5
DA:10,1
DA:13,4
DA:14,1
DA:16,3
DA:17,1
DA:20,2
DA:21,1
DA:23,0
DA:24,0
DA:26,0
DA:28,1
DA:32,7
DA:33,3
DA:34,3
DA:35,3
DA:36,2
DA:37,2
DA:39,0
DA:40,0
DA:42,1
DA:46,7
DA:47,1
DA:48,1
DA:51,7
DA:52,1
DA:53,1
DA:54,0
DA:57,7
DA:58,3
DA:59,3
DA:62,2
DA:63,1
DA:64,1
DA:66,0
DA:67,0
DA:68,0
DA:71,1
DA:74,7
DA:75,1
DA:76,1
DA:77,0
DA:78,0
LF:50
LH:39
BRDA:9,0,0,1
BRDA:9,0,1,4
BRDA:9,1,0,5
BRDA:9,1,1,5
BRDA:13,2,0,1
BRDA:13,2,1,3
BRDA:13,3,0,4
BRDA:13,3,1,4
BRDA:16,4,0,1
BRDA:16,4,1,2
BRDA:16,5,0,3
BRDA:16,5,1,3
BRDA:21,6,0,1
BRDA:21,6,1,0
BRDA:36,7,0,2
BRDA:36,7,1,0
BRDA:36,8,0,2
BRDA:36,8,1,1
BRDA:53,9,0,1
BRDA:53,9,1,0
BRDA:59,10,0,1
BRDA:59,10,1,2
BRDA:62,11,0,1
BRDA:62,11,1,1
BRDA:63,12,0,1
BRDA:63,12,1,0
BRDA:76,13,0,1
BRDA:76,13,1,0
BRF:28
BRH:23
end_of_record
TN:
SF:middleware\authMiddleware.js
FN:4,(anonymous_0)
FNF:1
FNH:1
FNDA:2,(anonymous_0)
DA:1,7
DA:2,7
DA:4,7
DA:5,2
DA:6,2
DA:8,0
DA:9,0
DA:10,0
DA:11,0
DA:13,0
LF:10
LH:5
BRDA:6,0,0,2
BRDA:6,0,1,0
BRF:2
BRH:1
end_of_record
TN:
SF:models\activityLog.js
FN:1,(anonymous_0)
FNF:1
FNH:1
FNDA:6,(anonymous_0)
DA:1,7
DA:2,6
LF:2
LH:2
BRF:0
BRH:0
end_of_record
TN:
SF:models\attachment.js
FN:1,(anonymous_0)
FNF:1
FNH:1
FNDA:6,(anonymous_0)
DA:1,7
DA:2,6
LF:2
LH:2
BRF:0
BRH:0
end_of_record
TN:
SF:models\board.js
FN:1,(anonymous_0)
FNF:1
FNH:1
FNDA:6,(anonymous_0)
DA:1,7
DA:2,6
DA:13,6
LF:3
LH:3
BRF:0
BRH:0
end_of_record
TN:
SF:models\category.js
FN:1,(anonymous_0)
FNF:1
FNH:1
FNDA:6,(anonymous_0)
DA:1,7
DA:2,6
LF:2
LH:2
BRF:0
BRH:0
end_of_record
TN:
SF:models\comment.js
FN:1,(anonymous_0)
FNF:1
FNH:1
FNDA:6,(anonymous_0)
DA:1,7
DA:2,6
LF:2
LH:2
BRF:0
BRH:0
end_of_record
TN:
SF:models\index.js
FNF:0
FNH:0
DA:1,6
DA:2,6
DA:4,6
DA:5,6
DA:6,6
DA:7,6
DA:8,6
DA:9,6
DA:10,6
DA:11,6
DA:13,6
DA:14,6
DA:16,6
DA:17,6
DA:19,6
DA:20,6
DA:22,6
DA:23,6
DA:25,6
DA:26,6
DA:28,6
DA:29,6
DA:31,6
DA:32,6
DA:34,6
LF:25
LH:25
BRF:0
BRH:0
end_of_record
TN:
SF:models\tag.js
FN:1,(anonymous_0)
FNF:1
FNH:1
FNDA:6,(anonymous_0)
DA:1,7
DA:2,6
LF:2
LH:2
BRF:0
BRH:0
end_of_record
TN:
SF:models\task.js
FN:1,(anonymous_0)
FNF:1
FNH:1
FNDA:6,(anonymous_0)
DA:1,7
DA:2,6
LF:2
LH:2
BRF:0
BRH:0
end_of_record
TN:
SF:models\user.js
FN:1,(anonymous_0)
FNF:1
FNH:1
FNDA:6,(anonymous_0)
DA:1,7
DA:2,6
LF:2
LH:2
BRF:0
BRH:0
end_of_record
TN:
SF:routes\boardRoutes.js
FN:9,(anonymous_0)
FNF:1
FNH:0
FNDA:0,(anonymous_0)
DA:1,7
DA:2,7
DA:3,7
DA:4,7
DA:5,7
DA:7,7
DA:9,7
DA:10,0
DA:11,0
DA:14,7
DA:15,7
DA:16,7
DA:17,7
DA:18,7
DA:19,7
DA:21,7
DA:22,7
DA:23,7
DA:24,7
DA:25,7
DA:27,7
LF:21
LH:19
BRF:0
BRH:0
end_of_record
TN:
SF:routes\googleRoutes.js
FNF:0
FNH:0
DA:1,7
DA:2,7
DA:3,7
DA:5,7
DA:7,7
LF:5
LH:5
BRF:0
BRH:0
end_of_record
TN:
SF:routes\userRoutes.js
FNF:0
FNH:0
DA:1,7
DA:2,7
DA:3,7
DA:4,7
DA:6,7
DA:7,7
DA:8,7
DA:10,7
LF:8
LH:8
BRF:0
BRH:0
end_of_record
